+ 2018/7/9 星期一 20:57:07
+ Looking for natvis image types in C:\Users\Administrator\AppData\Local\Microsoft\VisualStudio\12.0\Extensions\k1swig0o.dix ...
+ Parsing ImageWatchOpenCV.natvis ...
+ Found type cv::Mat ...
+ Found alternative type name: cv::Mat_<*> ...
+ Found type CvMat ...
+ Found type _IplImage ...
+ -> Registering cv::Mat
+ -> Registering cv::Mat_<*>
+ -> Registering CvMat
+ -> Registering _IplImage
+ Parsing ImageWatchWinMedia.natvis ...
+ Found type IMFMediaBuffer ...
+ Found type IMF2DBuffer ...
+ Found type IMF2DBuffer2 ...
+ Found type CMF2DMemMediaBuffer ...
+ Found type CMFDX11SurfaceBuffer ...
+ Found type Microsoft::WRL::ComPtr<IMFMediaBuffer> ...
+ Found type Microsoft::WRL::ComPtr<IMF2DBuffer> ...
+ Found type Microsoft::WRL::ComPtr<IMF2DBuffer2> ...
+ -> Registering IMFMediaBuffer
+ -> Registering IMF2DBuffer
+ -> Registering IMF2DBuffer2
+ -> Registering CMF2DMemMediaBuffer
+ -> Registering CMFDX11SurfaceBuffer
+ -> Registering Microsoft::WRL::ComPtr<IMFMediaBuffer>
+ -> Registering Microsoft::WRL::ComPtr<IMF2DBuffer>
+ -> Registering Microsoft::WRL::ComPtr<IMF2DBuffer2>
+ Parsing ImageWatchWinRT.natvis ...
+ Found type DirectUI::WriteableBitmap ...
+ Found type Windows::UI::Xaml::Media::Imaging::WriteableBitmap ...
+ -> Registering DirectUI::WriteableBitmap
+ -> Registering Windows::UI::Xaml::Media::Imaging::WriteableBitmap
+ Looking for natvis image types in D:\Program Files (x86)\Microsoft Visual Studio 12.0\Common7\Packages\Debugger\Visualizers ...
+ Parsing atlmfc.natvis ...
+ Parsing concurrency.natvis ...
+ Parsing cpp_rest.natvis ...
+ Parsing qt5.natvis ...
+ Parsing stl.natvis ...
+ Parsing Windows.Devices.Geolocation.natvis ...
+ Parsing Windows.Devices.Sensors.natvis ...
+ Parsing Windows.Media.natvis ...
+ Parsing windows.natvis ...
+ Parsing winrt.natvis ...
+ Looking for natvis image types in Visual Studio 2013\Visualizers ...
